<?xml version="1.0" encoding="UTF-8"?>
<!-- Generated by org.testng.reporters.JUnitReportReporter -->
<testsuite hostname="sreekanth" name="com.TestClasses.LoginBrowser" tests="1" failures="1" timestamp="2 Dec 2016 01:29:02 GMT" time="31.143" errors="0">
  <testcase name="validate" time="31.143" classname="com.TestClasses.LoginBrowser">
    <failure type="org.openqa.selenium.IllegalLocatorException" message="Compound class names are not supported. Consider searching for one class name and filtering the results.
Build info: version: &#039;2.5.0&#039;, revision: &#039;13548&#039;, time: &#039;2011-08-24 13:44:31&#039;
System info: os.name: &#039;Windows 10&#039;, os.arch: &#039;amd64&#039;, os.version: &#039;10.0&#039;, java.version: &#039;1.8.0_65&#039;
Driver info: driver.version: unknown">
      <![CDATA[org.openqa.selenium.IllegalLocatorException: Compound class names are not supported. Consider searching for one class name and filtering the results.
Build info: version: '2.5.0', revision: '13548', time: '2011-08-24 13:44:31'
System info: os.name: 'Windows 10', os.arch: 'amd64', os.version: '10.0', java.version: '1.8.0_65'
Driver info: driver.version: unknown
	at org.openqa.selenium.By.className(By.java:141)
	at org.openqa.selenium.support.pagefactory.Annotations.buildByFromLongFindBy(Annotations.java:102)
	at org.openqa.selenium.support.pagefactory.Annotations.buildByFromFindBy(Annotations.java:90)
	at org.openqa.selenium.support.pagefactory.Annotations.buildBy(Annotations.java:55)
	at org.openqa.selenium.support.pagefactory.DefaultElementLocator.<init>(DefaultElementLocator.java:47)
	at org.openqa.selenium.support.pagefactory.DefaultElementLocatorFactory.createLocator(DefaultElementLocatorFactory.java:32)
	at org.openqa.selenium.support.pagefactory.DefaultFieldDecorator.decorate(DefaultFieldDecorator.java:47)
	at org.openqa.selenium.support.PageFactory.proxyFields(PageFactory.java:131)
	at org.openqa.selenium.support.PageFactory.initElements(PageFactory.java:123)
	at org.openqa.selenium.support.PageFactory.initElements(PageFactory.java:110)
	at org.openqa.selenium.support.PageFactory.initElements(PageFactory.java:96)
	at org.openqa.selenium.support.PageFactory.initElements(PageFactory.java:83)
	at com.TestClasses.LoginBrowser.validate(LoginBrowser.java:48)
	at sun.reflect.NativeMethodAccessorImpl.invoke0(Native Method)
	at sun.reflect.NativeMethodAccessorImpl.invoke(NativeMethodAccessorImpl.java:62)
	at sun.reflect.DelegatingMethodAccessorImpl.invoke(DelegatingMethodAccessorImpl.java:43)
	at java.lang.reflect.Method.invoke(Method.java:497)
	at org.testng.internal.MethodInvocationHelper.invokeMethod(MethodInvocationHelper.java:80)
	at org.testng.internal.Invoker.invokeMethod(Invoker.java:673)
	at org.testng.internal.Invoker.invokeTestMethod(Invoker.java:842)
	at org.testng.internal.Invoker.invokeTestMethods(Invoker.java:1166)
	at org.testng.internal.TestMethodWorker.invokeTestMethods(TestMethodWorker.java:125)
	at org.testng.internal.TestMethodWorker.run(TestMethodWorker.java:109)
	at org.testng.TestRunner.runWorkers(TestRunner.java:1178)
	at org.testng.TestRunner.privateRun(TestRunner.java:757)
	at org.testng.TestRunner.run(TestRunner.java:608)
	at org.testng.SuiteRunner.runTest(SuiteRunner.java:334)
	at org.testng.SuiteRunner.runSequentially(SuiteRunner.java:329)
	at org.testng.SuiteRunner.privateRun(SuiteRunner.java:291)
	at org.testng.SuiteRunner.run(SuiteRunner.java:240)
	at org.testng.SuiteRunnerWorker.runSuite(SuiteRunnerWorker.java:52)
	at org.testng.SuiteRunnerWorker.run(SuiteRunnerWorker.java:86)
	at org.testng.TestNG.runSuitesSequentially(TestNG.java:1158)
	at org.testng.TestNG.runSuitesLocally(TestNG.java:1083)
	at org.testng.TestNG.run(TestNG.java:999)
	at org.testng.remote.AbstractRemoteTestNG.run(AbstractRemoteTestNG.java:132)
	at org.testng.remote.RemoteTestNG.initAndRun(RemoteTestNG.java:236)
	at org.testng.remote.RemoteTestNG.main(RemoteTestNG.java:81)
]]>
    </failure>
  </testcase>
</testsuite>
